TN:
SF:src\components\Card\Card.tsx
FN:5,(anonymous_1)
FN:46,(anonymous_2)
FN:56,(anonymous_3)
FN:125,(anonymous_4)
FN:143,(anonymous_5)
FN:145,(anonymous_6)
FNF:6
FNH:4
FNDA:10,(anonymous_1)
FNDA:4,(anonymous_2)
FNDA:2,(anonymous_3)
FNDA:2,(anonymous_4)
FNDA:0,(anonymous_5)
FNDA:0,(anonymous_6)
DA:1,1
DA:2,1
DA:5,1
DA:28,10
DA:30,10
DA:31,10
DA:33,10
DA:34,10
DA:36,10
DA:37,10
DA:38,10
DA:39,10
DA:40,10
DA:41,10
DA:43,10
DA:44,10
DA:46,10
DA:47,4
DA:48,4
DA:49,0
DA:50,0
DA:51,0
DA:53,4
DA:56,10
DA:57,2
DA:59,2
DA:60,2
DA:62,2
DA:63,2
DA:64,2
DA:65,2
DA:66,2
DA:67,2
DA:69,2
DA:77,2
DA:96,2
DA:98,2
DA:99,1
DA:100,1
DA:101,1
DA:103,0
DA:107,1
DA:108,1
DA:109,1
DA:110,1
DA:111,1
DA:112,1
DA:113,1
DA:114,1
DA:115,1
DA:117,0
DA:121,10
DA:125,2
DA:143,0
DA:145,0
DA:154,1
LF:56
LH:49
BRDA:15,0,0,8
BRDA:16,1,0,9
BRDA:17,2,0,9
BRDA:18,3,0,10
BRDA:20,4,0,8
BRDA:23,5,0,10
BRDA:28,6,0,10
BRDA:28,6,1,0
BRDA:30,7,0,10
BRDA:30,7,1,0
BRDA:30,8,0,10
BRDA:30,8,1,0
BRDA:31,9,0,1
BRDA:31,9,1,9
BRDA:37,10,0,2
BRDA:38,11,0,2
BRDA:39,12,0,1
BRDA:40,13,0,0
BRDA:41,14,0,0
BRDA:43,15,0,2
BRDA:43,15,1,8
BRDA:44,16,0,1
BRDA:44,16,1,9
BRDA:47,17,0,0
BRDA:47,18,0,4
BRDA:47,18,1,4
BRDA:48,19,0,0
BRDA:51,20,0,0
BRDA:51,21,0,0
BRDA:51,21,1,0
BRDA:57,22,0,2
BRDA:57,22,1,2
BRDA:62,23,0,2
BRDA:62,23,1,0
BRDA:63,24,0,2
BRDA:63,24,1,0
BRDA:64,25,0,2
BRDA:64,25,1,1
BRDA:65,26,0,2
BRDA:65,26,1,1
BRDA:66,27,0,2
BRDA:66,27,1,2
BRDA:67,28,0,2
BRDA:67,28,1,2
BRDA:70,29,0,2
BRDA:70,29,1,2
BRDA:71,30,0,2
BRDA:71,30,1,2
BRDA:87,31,0,0
BRDA:87,31,1,2
BRDA:88,32,0,0
BRDA:88,32,1,2
BRDA:90,33,0,2
BRDA:90,33,1,0
BRDA:91,34,0,2
BRDA:91,34,1,0
BRDA:98,35,0,1
BRDA:111,36,0,1
BRDA:111,36,1,0
BRDA:115,37,0,0
BRDA:125,38,0,2
BRDA:125,38,1,1
BRDA:125,38,2,1
BRDA:125,38,3,1
BRDA:126,39,0,2
BRDA:126,39,1,8
BRDA:129,40,0,1
BRDA:129,40,1,9
BRDA:129,41,0,10
BRDA:129,41,1,2
BRDA:131,42,0,10
BRDA:131,42,1,1
BRDA:135,43,0,10
BRDA:135,43,1,10
BRDA:140,44,0,10
BRDA:140,44,1,1
BRDA:142,45,0,10
BRDA:142,45,1,2
BRDA:144,46,0,2
BRDA:144,46,1,0
BRF:80
BRH:61
end_of_record
